File: \AccessibleMarshal.dll
File: \application.ini
File: \breakpadinjector.dll
File: \crashreporter.exe
File: \crashreporter.ini
File: \D3DCompiler_43.dll
File: \dependentlibs.list
File: \firefox.exe
File: \freebl3.chk
File: \freebl3.dll
File: \gkmedias.dll
File: \libEGL.dll
File: \libGLESv2.dll
File: \maintenanceservice.exe
File: \maintenanceservice_installer.exe
File: \mozalloc.dll
File: \mozglue.dll
File: \mozjs.dll
File: \msvcp100.dll
File: \msvcr100.dll
File: \nss3.dll
File: \nssckbi.dll
File: \nssdbm3.chk
File: \nssdbm3.dll
File: \omni.ja
File: \platform.ini
File: \plugin-container.exe
File: \plugin-hang-ui.exe
File: \precomplete
File: \removed-files
File: \softokn3.chk
File: \softokn3.dll
File: \update-settings.ini
File: \updater.exe
File: \updater.ini
File: \webapp-uninstaller.exe
File: \webapprt-stub.exe
File: \xul.dll
File: \webapprt\omni.ja
File: \webapprt\webapprt.ini
File: \uninstall\helper.exe
File: \dictionaries\vi-x-KieuCu.[Chuan].aff
File: \dictionaries\vi-x-KieuCu.[Chuan].dic
File: \dictionaries\vi-x-KieuMoi.[KhongChuan].aff
File: \dictionaries\vi-x-KieuMoi.[KhongChuan].dic
File: \defaults\pref\channel-prefs.js
File: \browser\blocklist.xml
File: \browser\chrome.manifest
File: \browser\crashreporter-override.ini
File: \browser\omni.ja
File: \browser\searchplugins\5giay.xml
File: \browser\searchplugins\baambootratuav.xml
File: \browser\searchplugins\creativecommons.xml
File: \browser\searchplugins\google.xml
File: \browser\searchplugins\muare.xml
File: \browser\searchplugins\wikipedia-vi.xml
File: \browser\searchplugins\zing-mp3.xml
File: \browser\extensions\{972ce4c6-7e08-4474-a285-3208198ce6fd}\icon.png
File: \browser\extensions\{972ce4c6-7e08-4474-a285-3208198ce6fd}\install.rdf
File: \browser\components\browsercomps.dll
File: \browser\components\components.manifest
DLLReg: \AccessibleMarshal.dll
File: \components\compreg.dat
File: \components\xpti.dat
File: \active-update.xml
File: \install.log
File: \install_status.log
File: \install_wizard.log
File: \updates.xml
File: \icuuc52.dll
File: \icuin52.dll
File: \icudt52.dll
